ssh://root@hz.matpool.com:27395/root/miniconda3/envs/myconda/bin/python -u /mnt/2/run.py
---运行环境 cuda
---training
提取tensor
开始训练
epoch 0/100
当前进度 1k/2001, 处理1k数据所花时间 15s
1k数据平均loss 4.494141322936055
成功更新模型参数
当前进度 2k/2001, 处理1k数据所花时间 16s
1k数据平均loss 4.326815473077422
成功更新模型参数
本epoch所花时间 32s，本epoch每句平均loss 4.411139931426951
epoch 1/100
当前进度 1k/2001, 处理1k数据所花时间 16s
1k数据平均loss 3.9746849594131906
成功更新模型参数
当前进度 2k/2001, 处理1k数据所花时间 15s
1k数据平均loss 4.118607267493875
成功更新模型参数
本epoch所花时间 33s，本epoch每句平均loss 4.047131112083587
epoch 2/100
当前进度 1k/2001, 处理1k数据所花时间 16s
1k数据平均loss 3.7794881748246945
成功更新模型参数
当前进度 2k/2001, 处理1k数据所花时间 16s
1k数据平均loss 4.072418398094292
成功更新模型参数
本epoch所花时间 33s，本epoch每句平均loss 3.9262879635226535
epoch 3/100
当前进度 1k/2001, 处理1k数据所花时间 17s
1k数据平均loss 3.790545810199147
成功更新模型参数
当前进度 2k/2001, 处理1k数据所花时间 16s
1k数据平均loss 3.843925926461402
成功更新模型参数
本epoch所花时间 34s，本epoch每句平均loss 3.816730653371326
epoch 4/100
当前进度 1k/2001, 处理1k数据所花时间 16s
1k数据平均loss 3.668964217066578
成功更新模型参数
当前进度 2k/2001, 处理1k数据所花时间 15s
1k数据平均loss 3.754670310789043
成功更新模型参数
本epoch所花时间 33s，本epoch每句平均loss 3.7121589353146454
epoch 5/100
当前进度 1k/2001, 处理1k数据所花时间 16s
1k数据平均loss 3.6345579407773054
成功更新模型参数
当前进度 2k/2001, 处理1k数据所花时间 16s
1k数据平均loss 3.807731378835177
成功更新模型参数
本epoch所花时间 33s，本epoch每句平均loss 3.721481426188484
epoch 6/100
当前进度 1k/2001, 处理1k数据所花时间 16s
1k数据平均loss 3.5712046942747806
成功更新模型参数
当前进度 2k/2001, 处理1k数据所花时间 15s
1k数据平均loss 3.702925447474387
成功更新模型参数
本epoch所花时间 33s，本epoch每句平均loss 3.637451993681454
epoch 7/100
当前进度 1k/2001, 处理1k数据所花时间 17s
1k数据平均loss 3.601917513783536
成功更新模型参数
当前进度 2k/2001, 处理1k数据所花时间 16s
1k数据平均loss 3.6386453286935745
成功更新模型参数
本epoch所花时间 33s，本epoch每句平均loss 3.6206223027522793
epoch 8/100
当前进度 1k/2001, 处理1k数据所花时间 17s
1k数据平均loss 3.5401987781748465
成功更新模型参数
当前进度 2k/2001, 处理1k数据所花时间 16s
1k数据平均loss 3.7536539915575458
成功更新模型参数
本epoch所花时间 33s，本epoch每句平均loss 3.6472980542518507
epoch 9/100
当前进度 1k/2001, 处理1k数据所花时间 17s
1k数据平均loss 3.5319332859346786
成功更新模型参数
当前进度 2k/2001, 处理1k数据所花时间 15s
1k数据平均loss 3.610388151397192
成功更新模型参数
本epoch所花时间 33s，本epoch每句平均loss 3.5714972229002493
epoch 10/100
当前进度 1k/2001, 处理1k数据所花时间 16s
1k数据平均loss 3.436710048200351
成功更新模型参数
当前进度 2k/2001, 处理1k数据所花时间 16s
1k数据平均loss 3.568724209734414
成功更新模型参数
本epoch所花时间 33s，本epoch每句平均loss 3.503121029763841
epoch 11/100
当前进度 1k/2001, 处理1k数据所花时间 17s
1k数据平均loss 3.457849099466478
成功更新模型参数
当前进度 2k/2001, 处理1k数据所花时间 15s
1k数据平均loss 3.4952080639262038
成功更新模型参数
本epoch所花时间 33s，本epoch每句平均loss 3.4769133664376826
epoch 12/100
当前进度 1k/2001, 处理1k数据所花时间 17s
1k数据平均loss 3.4017070868380768
成功更新模型参数
当前进度 2k/2001, 处理1k数据所花时间 16s
1k数据平均loss 3.6123846973688205
成功更新模型参数
本epoch所花时间 35s，本epoch每句平均loss 3.5074498377778216
epoch 13/100
当前进度 1k/2001, 处理1k数据所花时间 17s
1k数据平均loss 3.3699894568890194
成功更新模型参数
当前进度 2k/2001, 处理1k数据所花时间 16s
1k数据平均loss 3.483713019144091
成功更新模型参数
本epoch所花时间 34s，本epoch每句平均loss 3.4272938418585657
epoch 14/100
当前进度 1k/2001, 处理1k数据所花时间 17s
1k数据平均loss 3.3886802802737153
成功更新模型参数
当前进度 2k/2001, 处理1k数据所花时间 16s
1k数据平均loss 3.5009258221605193
成功更新模型参数
本epoch所花时间 35s，本epoch每句平均loss 3.4451979826670676
epoch 15/100
当前进度 1k/2001, 处理1k数据所花时间 17s
1k数据平均loss 3.3890664890484423
成功更新模型参数
当前进度 2k/2001, 处理1k数据所花时间 16s
1k数据平均loss 3.5548455508254975
成功更新模型参数
本epoch所花时间 35s，本epoch每句平均loss 3.472261001763664
epoch 16/100
当前进度 1k/2001, 处理1k数据所花时间 17s
1k数据平均loss 3.371278965085305
成功更新模型参数
当前进度 2k/2001, 处理1k数据所花时间 16s
1k数据平均loss 3.414829476384982
成功更新模型参数
本epoch所花时间 34s，本epoch每句平均loss 3.393529715017649
epoch 17/100
当前进度 1k/2001, 处理1k数据所花时间 17s
1k数据平均loss 3.349542672349893
成功更新模型参数
当前进度 2k/2001, 处理1k数据所花时间 16s
1k数据平均loss 3.4620950772738226
成功更新模型参数
本epoch所花时间 34s，本epoch每句平均loss 3.4062838908254296
epoch 18/100
当前进度 1k/2001, 处理1k数据所花时间 18s
1k数据平均loss 3.365400437453363
成功更新模型参数
当前进度 2k/2001, 处理1k数据所花时间 16s
1k数据平均loss 3.458554772721872
成功更新模型参数
本epoch所花时间 35s，本epoch每句平均loss 3.412515753148238
epoch 19/100
当前进度 1k/2001, 处理1k数据所花时间 17s
1k数据平均loss 3.304463395411445
成功更新模型参数
当前进度 2k/2001, 处理1k数据所花时间 16s
1k数据平均loss 3.47328321628301
成功更新模型参数
本epoch所花时间 35s，本epoch每句平均loss 3.389275583872552
epoch 20/100
当前进度 1k/2001, 处理1k数据所花时间 17s
1k数据平均loss 3.320302078678999
成功更新模型参数
当前进度 2k/2001, 处理1k数据所花时间 16s
1k数据平均loss 3.4191981915655414
成功更新模型参数
本epoch所花时间 34s，本epoch每句平均loss 3.368449515939862
epoch 21/100
当前进度 1k/2001, 处理1k数据所花时间 17s
1k数据平均loss 3.298663077235302
成功更新模型参数
当前进度 2k/2001, 处理1k数据所花时间 16s
1k数据平均loss 3.3439768973972552
成功更新模型参数
本epoch所花时间 34s，本epoch每句平均loss 3.320673056206571
epoch 22/100
当前进度 1k/2001, 处理1k数据所花时间 17s
1k数据平均loss 3.2913713105951965
成功更新模型参数
当前进度 2k/2001, 处理1k数据所花时间 16s
1k数据平均loss 3.4833710028861953
成功更新模型参数
本epoch所花时间 34s，本epoch每句平均loss 3.3878758539150566
epoch 23/100
当前进度 1k/2001, 处理1k数据所花时间 18s
1k数据平均loss 3.299986058851802
成功更新模型参数
当前进度 2k/2001, 处理1k数据所花时间 16s
1k数据平均loss 3.3726925812253086
成功更新模型参数
本epoch所花时间 35s，本epoch每句平均loss 3.335446536641069
epoch 24/100
当前进度 1k/2001, 处理1k数据所花时间 18s
1k数据平均loss 3.2590873436404264
成功更新模型参数
当前进度 2k/2001, 处理1k数据所花时间 16s
1k数据平均loss 3.4225367382506566
成功更新模型参数
本epoch所花时间 35s，本epoch每句平均loss 3.3412431432356176
epoch 25/100
当前进度 1k/2001, 处理1k数据所花时间 17s
1k数据平均loss 3.2987057100256165
成功更新模型参数
当前进度 2k/2001, 处理1k数据所花时间 16s
1k数据平均loss 3.409479677142594
成功更新模型参数
本epoch所花时间 34s，本epoch每句平均loss 3.3534908657537676
epoch 26/100
当前进度 1k/2001, 处理1k数据所花时间 17s
1k数据平均loss 3.298279110271518
成功更新模型参数
当前进度 2k/2001, 处理1k数据所花时间 16s
1k数据平均loss 3.4506391441759807
成功更新模型参数
本epoch所花时间 34s，本epoch每句平均loss 3.374830624951435
epoch 27/100
当前进度 1k/2001, 处理1k数据所花时间 17s
1k数据平均loss 3.2945008548335775
成功更新模型参数
当前进度 2k/2001, 处理1k数据所花时间 16s
1k数据平均loss 3.407135324922191
成功更新模型参数
本epoch所花时间 34s，本epoch每句平均loss 3.351198441584826
epoch 28/100
当前进度 1k/2001, 处理1k数据所花时间 17s
1k数据平均loss 3.3079245795298027
成功更新模型参数
当前进度 2k/2001, 处理1k数据所花时间 16s
1k数据平均loss 3.4303561546337535
成功更新模型参数
本epoch所花时间 34s，本epoch每句平均loss 3.3695889451067833
epoch 29/100
当前进度 1k/2001, 处理1k数据所花时间 17s
1k数据平均loss 3.250182767830106
成功更新模型参数
当前进度 2k/2001, 处理1k数据所花时间 15s
1k数据平均loss 3.372400177768655
成功更新模型参数
本epoch所花时间 33s，本epoch每句平均loss 3.3117068493094184
epoch 30/100
当前进度 1k/2001, 处理1k数据所花时间 17s
1k数据平均loss 3.295254142511644
成功更新模型参数
当前进度 2k/2001, 处理1k数据所花时间 16s
1k数据平均loss 3.3277878425463605
成功更新模型参数
本epoch所花时间 33s，本epoch每句平均loss 3.31186210432352
epoch 31/100
当前进度 1k/2001, 处理1k数据所花时间 17s
1k数据平均loss 3.291451625672087
成功更新模型参数
当前进度 2k/2001, 处理1k数据所花时间 16s
1k数据平均loss 3.3961954181779506
成功更新模型参数
本epoch所花时间 34s，本epoch每句平均loss 3.3441678570257416
epoch 32/100
当前进度 1k/2001, 处理1k数据所花时间 17s
1k数据平均loss 3.250989237690244
成功更新模型参数
当前进度 2k/2001, 处理1k数据所花时间 15s
1k数据平均loss 3.3586172910226484
成功更新模型参数
本epoch所花时间 33s，本epoch每句平均loss 3.305255476705984
epoch 33/100
当前进度 1k/2001, 处理1k数据所花时间 16s
1k数据平均loss 3.2185181447603197
成功更新模型参数
当前进度 2k/2001, 处理1k数据所花时间 15s
1k数据平均loss 3.3008247151121455
成功更新模型参数
本epoch所花时间 32s，本epoch每句平均loss 3.2600345345790385
epoch 34/100
当前进度 1k/2001, 处理1k数据所花时间 17s
1k数据平均loss 3.267376183953862
成功更新模型参数
当前进度 2k/2001, 处理1k数据所花时间 15s
1k数据平均loss 3.2919004932596883
成功更新模型参数
本epoch所花时间 33s，本epoch每句平均loss 3.2800516216643514
epoch 35/100
当前进度 1k/2001, 处理1k数据所花时间 16s
1k数据平均loss 3.2727112784286603
成功更新模型参数
当前进度 2k/2001, 处理1k数据所花时间 16s
1k数据平均loss 3.361895252692712
成功更新模型参数
本epoch所花时间 33s，本epoch每句平均loss 3.3164576593735164
epoch 36/100
当前进度 1k/2001, 处理1k数据所花时间 17s
1k数据平均loss 3.269327170631748
成功更新模型参数
当前进度 2k/2001, 处理1k数据所花时间 15s
1k数据平均loss 3.3776495197215994
成功更新模型参数
本epoch所花时间 33s，本epoch每句平均loss 3.323890204319509
epoch 37/100
当前进度 1k/2001, 处理1k数据所花时间 16s
1k数据平均loss 3.194491529474256
成功更新模型参数
当前进度 2k/2001, 处理1k数据所花时间 16s
1k数据平均loss 3.360416043863363
成功更新模型参数
本epoch所花时间 33s，本epoch每句平均loss 3.2778333340902046
epoch 38/100
当前进度 1k/2001, 处理1k数据所花时间 16s
1k数据平均loss 3.268101732397739
成功更新模型参数
当前进度 2k/2001, 处理1k数据所花时间 15s
1k数据平均loss 3.2951864890636164
成功更新模型参数
本epoch所花时间 32s，本epoch每句平均loss 3.2820205791932175
epoch 39/100
当前进度 1k/2001, 处理1k数据所花时间 17s
1k数据平均loss 3.2530212746888063
成功更新模型参数
当前进度 2k/2001, 处理1k数据所花时间 16s
1k数据平均loss 3.367141616267205
成功更新模型参数
本epoch所花时间 34s，本epoch每句平均loss 3.30882353830175
epoch 40/100
当前进度 1k/2001, 处理1k数据所花时间 17s
1k数据平均loss 3.2794694806970135
成功更新模型参数
当前进度 2k/2001, 处理1k数据所花时间 16s
1k数据平均loss 3.25613270916142
成功更新模型参数
本epoch所花时间 34s，本epoch每句平均loss 3.2682415267018765
epoch 41/100
当前进度 1k/2001, 处理1k数据所花时间 16s
1k数据平均loss 3.1850640436952595
成功更新模型参数
当前进度 2k/2001, 处理1k数据所花时间 15s
1k数据平均loss 3.293182869372365
成功更新模型参数
本epoch所花时间 33s，本epoch每句平均loss 3.2396825240013647
epoch 42/100
当前进度 1k/2001, 处理1k数据所花时间 17s
1k数据平均loss 3.2126649764258457
成功更新模型参数
当前进度 2k/2001, 处理1k数据所花时间 15s
1k数据平均loss 3.3092887850897164
成功更新模型参数
本epoch所花时间 33s，本epoch每句平均loss 3.2597300755077776
epoch 43/100
当前进度 1k/2001, 处理1k数据所花时间 17s
1k数据平均loss 3.236880657473998
成功更新模型参数
当前进度 2k/2001, 处理1k数据所花时间 15s
1k数据平均loss 3.291806538958509
成功更新模型参数
本epoch所花时间 33s，本epoch每句平均loss 3.2648052587735124
epoch 44/100
当前进度 1k/2001, 处理1k数据所花时间 16s
1k数据平均loss 3.202093084357469
成功更新模型参数
当前进度 2k/2001, 处理1k数据所花时间 15s
1k数据平均loss 3.253572144994721
成功更新模型参数
本epoch所花时间 33s，本epoch每句平均loss 3.227141769468851
epoch 45/100
当前进度 1k/2001, 处理1k数据所花时间 17s
1k数据平均loss 3.1567186701955134
成功更新模型参数
当前进度 2k/2001, 处理1k数据所花时间 16s
1k数据平均loss 3.2980727495253497
成功更新模型参数
本epoch所花时间 34s，本epoch每句平均loss 3.227790249794128
epoch 46/100
当前进度 1k/2001, 处理1k数据所花时间 17s
1k数据平均loss 3.251614140002746
成功更新模型参数
当前进度 2k/2001, 处理1k数据所花时间 15s
1k数据平均loss 3.2528758712436305
成功更新模型参数
本epoch所花时间 33s，本epoch每句平均loss 3.2513875699806696
epoch 47/100
当前进度 1k/2001, 处理1k数据所花时间 16s
1k数据平均loss 3.1266394874209356
成功更新模型参数
当前进度 2k/2001, 处理1k数据所花时间 16s
1k数据平均loss 3.2724375647876442
成功更新模型参数
本epoch所花时间 32s，本epoch每句平均loss 3.199937651288045
epoch 48/100
当前进度 1k/2001, 处理1k数据所花时间 16s
1k数据平均loss 3.161758920466384
成功更新模型参数
当前进度 2k/2001, 处理1k数据所花时间 16s
1k数据平均loss 3.2634261818474815
成功更新模型参数
本epoch所花时间 33s，本epoch每句平均loss 3.2118778320475796
epoch 49/100
当前进度 1k/2001, 处理1k数据所花时间 17s
1k数据平均loss 3.1887986863582984
成功更新模型参数
当前进度 2k/2001, 处理1k数据所花时间 16s
1k数据平均loss 3.3050141708896317
成功更新模型参数
本epoch所花时间 34s，本epoch每句平均loss 3.2460284245015885
epoch 50/100
当前进度 1k/2001, 处理1k数据所花时间 17s
1k数据平均loss 3.2357394025126296
成功更新模型参数
当前进度 2k/2001, 处理1k数据所花时间 16s
1k数据平均loss 3.2033101494113816
成功更新模型参数
本epoch所花时间 33s，本epoch每句平均loss 3.218696394523472
epoch 51/100
当前进度 1k/2001, 处理1k数据所花时间 17s
1k数据平均loss 3.144686704864158
成功更新模型参数
当前进度 2k/2001, 处理1k数据所花时间 15s
1k数据平均loss 3.2987582863358877
成功更新模型参数
本epoch所花时间 33s，本epoch每句平均loss 3.222206049900817
epoch 52/100
当前进度 1k/2001, 处理1k数据所花时间 17s
1k数据平均loss 3.157534931833966
成功更新模型参数
当前进度 2k/2001, 处理1k数据所花时间 16s
1k数据平均loss 3.3212342218790845
成功更新模型参数
本epoch所花时间 33s，本epoch每句平均loss 3.2397229347266254
epoch 53/100
当前进度 1k/2001, 处理1k数据所花时间 17s
1k数据平均loss 3.172050376999111
成功更新模型参数
当前进度 2k/2001, 处理1k数据所花时间 15s
1k数据平均loss 3.262432799598766
成功更新模型参数
本epoch所花时间 33s，本epoch每句平均loss 3.216506442987601
epoch 54/100
当前进度 1k/2001, 处理1k数据所花时间 17s
1k数据平均loss 3.212482869800794
成功更新模型参数
当前进度 2k/2001, 处理1k数据所花时间 15s
1k数据平均loss 3.297606278585481
成功更新模型参数
本epoch所花时间 33s，本epoch每句平均loss 3.2541426564064992
epoch 55/100
当前进度 1k/2001, 处理1k数据所花时间 17s
1k数据平均loss 3.142636185558846
成功更新模型参数
当前进度 2k/2001, 处理1k数据所花时间 16s
1k数据平均loss 3.226321766425202
成功更新模型参数
本epoch所花时间 34s，本epoch每句平均loss 3.1836227728495414
epoch 56/100
当前进度 1k/2001, 处理1k数据所花时间 17s
1k数据平均loss 3.1124517161657024
成功更新模型参数
当前进度 2k/2001, 处理1k数据所花时间 16s
1k数据平均loss 3.243733286884705
成功更新模型参数
本epoch所花时间 33s，本epoch每句平均loss 3.1784518105854263
epoch 57/100
当前进度 1k/2001, 处理1k数据所花时间 17s
1k数据平均loss 3.1586398285872335
成功更新模型参数
当前进度 2k/2001, 处理1k数据所花时间 16s
1k数据平均loss 3.2185480928387755
成功更新模型参数
本epoch所花时间 33s，本epoch每句平均loss 3.188958508558335
epoch 58/100
当前进度 1k/2001, 处理1k数据所花时间 17s
1k数据平均loss 3.1312653988918053
成功更新模型参数
当前进度 2k/2001, 处理1k数据所花时间 15s
1k数据平均loss 3.1739226683861825
成功更新模型参数
本epoch所花时间 34s，本epoch每句平均loss 3.1530640445473237
epoch 59/100
当前进度 1k/2001, 处理1k数据所花时间 16s
1k数据平均loss 3.090890250898639
成功更新模型参数
当前进度 2k/2001, 处理1k数据所花时间 16s
1k数据平均loss 3.2178562998062286
成功更新模型参数
本epoch所花时间 33s，本epoch每句平均loss 3.1547218419750864
epoch 60/100
当前进度 1k/2001, 处理1k数据所花时间 17s
1k数据平均loss 3.150177559708576
成功更新模型参数
当前进度 2k/2001, 处理1k数据所花时间 16s
1k数据平均loss 3.2033401924712606
成功更新模型参数
本epoch所花时间 34s，本epoch每句平均loss 3.177436053906471
epoch 61/100
当前进度 1k/2001, 处理1k数据所花时间 17s
1k数据平均loss 3.046927523238506
成功更新模型参数
当前进度 2k/2001, 处理1k数据所花时间 16s
1k数据平均loss 3.164906706701605
成功更新模型参数
本epoch所花时间 33s，本epoch每句平均loss 3.105377146123556
epoch 62/100
当前进度 1k/2001, 处理1k数据所花时间 17s
1k数据平均loss 3.1146165726768538
成功更新模型参数
当前进度 2k/2001, 处理1k数据所花时间 16s
1k数据平均loss 3.2447229046216055
成功更新模型参数
本epoch所花时间 33s，本epoch每句平均loss 3.179983054655166
epoch 63/100
当前进度 1k/2001, 处理1k数据所花时间 16s
1k数据平均loss 3.0085783574477625
成功更新模型参数
当前进度 2k/2001, 处理1k数据所花时间 16s
1k数据平均loss 3.2294536511651244
成功更新模型参数
本epoch所花时间 33s，本epoch每句平均loss 3.1193187648153935
epoch 64/100
当前进度 1k/2001, 处理1k数据所花时间 17s
1k数据平均loss 3.088327664617174
成功更新模型参数
当前进度 2k/2001, 处理1k数据所花时间 16s
1k数据平均loss 3.1701264089800274
成功更新模型参数
本epoch所花时间 33s，本epoch每句平均loss 3.128643075578042
epoch 65/100
当前进度 1k/2001, 处理1k数据所花时间 17s
1k数据平均loss 3.1090880721690803
成功更新模型参数
当前进度 2k/2001, 处理1k数据所花时间 16s
1k数据平均loss 3.1917653291729353
成功更新模型参数
本epoch所花时间 34s，本epoch每句平均loss 3.151104577032394
epoch 66/100
当前进度 1k/2001, 处理1k数据所花时间 16s
1k数据平均loss 3.0498359605354346
成功更新模型参数
当前进度 2k/2001, 处理1k数据所花时间 17s
1k数据平均loss 3.2546087334853127
成功更新模型参数
本epoch所花时间 34s，本epoch每句平均loss 3.1526494947819033
epoch 67/100
当前进度 1k/2001, 处理1k数据所花时间 17s
1k数据平均loss 3.088819713959147
成功更新模型参数
当前进度 2k/2001, 处理1k数据所花时间 16s
1k数据平均loss 3.173176868420291
成功更新模型参数
本epoch所花时间 34s，本epoch每句平均loss 3.130078602726064
epoch 68/100
当前进度 1k/2001, 处理1k数据所花时间 17s
1k数据平均loss 3.0749779517479383
成功更新模型参数
当前进度 2k/2001, 处理1k数据所花时间 16s
1k数据平均loss 3.1885740389744517
成功更新模型参数
本epoch所花时间 34s，本epoch每句平均loss 3.131602830626485
epoch 69/100
当前进度 1k/2001, 处理1k数据所花时间 17s
1k数据平均loss 3.0611144953598752
成功更新模型参数
当前进度 2k/2001, 处理1k数据所花时间 16s
1k数据平均loss 3.2256791867774064
成功更新模型参数
本epoch所花时间 34s，本epoch每句平均loss 3.143646298208233
epoch 70/100
当前进度 1k/2001, 处理1k数据所花时间 17s
1k数据平均loss 3.0703833782934264
成功更新模型参数
当前进度 2k/2001, 处理1k数据所花时间 15s
1k数据平均loss 3.147877258213854
成功更新模型参数
本epoch所花时间 34s，本epoch每句平均loss 3.1088246185793906
epoch 71/100
当前进度 1k/2001, 处理1k数据所花时间 17s
1k数据平均loss 3.0205049476518786
成功更新模型参数
当前进度 2k/2001, 处理1k数据所花时间 17s
1k数据平均loss 3.222828932840203
成功更新模型参数
本epoch所花时间 34s，本epoch每句平均loss 3.1217506148806167
epoch 72/100
当前进度 1k/2001, 处理1k数据所花时间 17s
1k数据平均loss 3.0584210686964575
成功更新模型参数
当前进度 2k/2001, 处理1k数据所花时间 16s
1k数据平均loss 3.1904424971522545
成功更新模型参数
本epoch所花时间 34s，本epoch每句平均loss 3.124245701771926
epoch 73/100
当前进度 1k/2001, 处理1k数据所花时间 17s
1k数据平均loss 3.1187143891022693
成功更新模型参数
当前进度 2k/2001, 处理1k数据所花时间 16s
1k数据平均loss 3.2309282591697186
成功更新模型参数
本epoch所花时间 35s，本epoch每句平均loss 3.1749541622251694
epoch 74/100
当前进度 1k/2001, 处理1k数据所花时间 17s
1k数据平均loss 3.050181765828439
成功更新模型参数
当前进度 2k/2001, 处理1k数据所花时间 16s
1k数据平均loss 3.1817444203239167
成功更新模型参数
本epoch所花时间 34s，本epoch每句平均loss 3.1160572273958294
epoch 75/100
当前进度 1k/2001, 处理1k数据所花时间 17s
1k数据平均loss 3.0105732288676568
成功更新模型参数
当前进度 2k/2001, 处理1k数据所花时间 17s
1k数据平均loss 3.2068559398847616
成功更新模型参数
本epoch所花时间 34s，本epoch每句平均loss 3.107926644499089
epoch 76/100
当前进度 1k/2001, 处理1k数据所花时间 18s
1k数据平均loss 3.038513006123196
成功更新模型参数
当前进度 2k/2001, 处理1k数据所花时间 16s
1k数据平均loss 3.1974405855536228
成功更新模型参数
本epoch所花时间 35s，本epoch每句平均loss 3.1179838857055544
epoch 77/100
当前进度 1k/2001, 处理1k数据所花时间 17s
1k数据平均loss 3.0633130681377305
成功更新模型参数
当前进度 2k/2001, 处理1k数据所花时间 16s
1k数据平均loss 3.180833999714948
成功更新模型参数
本epoch所花时间 34s，本epoch每句平均loss 3.122350272303371
epoch 78/100
当前进度 1k/2001, 处理1k数据所花时间 18s
1k数据平均loss 3.029583813471037
成功更新模型参数
当前进度 2k/2001, 处理1k数据所花时间 16s
1k数据平均loss 3.18859534985047
成功更新模型参数
本epoch所花时间 35s，本epoch每句平均loss 3.108248095418983
epoch 79/100
当前进度 1k/2001, 处理1k数据所花时间 16s
1k数据平均loss 2.995206009086854
成功更新模型参数
当前进度 2k/2001, 处理1k数据所花时间 16s
1k数据平均loss 3.099361166052039
成功更新模型参数
本epoch所花时间 33s，本epoch每句平均loss 3.047474671095715
epoch 80/100
当前进度 1k/2001, 处理1k数据所花时间 16s
1k数据平均loss 2.8827331406508314
成功更新模型参数
当前进度 2k/2001, 处理1k数据所花时间 15s
1k数据平均loss 3.037772807657116
成功更新模型参数
本epoch所花时间 33s，本epoch每句平均loss 2.959502579486926
epoch 81/100
当前进度 1k/2001, 处理1k数据所花时间 17s
1k数据平均loss 3.0430967117094005
成功更新模型参数
当前进度 2k/2001, 处理1k数据所花时间 16s
1k数据平均loss 3.091700566218684
成功更新模型参数
本epoch所花时间 34s，本epoch每句平均loss 3.0675469160202535
epoch 82/100
当前进度 1k/2001, 处理1k数据所花时间 18s
1k数据平均loss 3.032741405791754
成功更新模型参数
当前进度 2k/2001, 处理1k数据所花时间 16s
1k数据平均loss 3.096604670760041
成功更新模型参数
本epoch所花时间 35s，本epoch每句平均loss 3.0641119261452223
epoch 83/100
当前进度 1k/2001, 处理1k数据所花时间 17s
1k数据平均loss 2.9474266566200016
成功更新模型参数
当前进度 2k/2001, 处理1k数据所花时间 16s
1k数据平均loss 3.0588320804478295
成功更新模型参数
本epoch所花时间 34s，本epoch每句平均loss 3.0032026651581845
epoch 84/100
当前进度 1k/2001, 处理1k数据所花时间 17s
1k数据平均loss 2.9462316587629758
成功更新模型参数
当前进度 2k/2001, 处理1k数据所花时间 17s
1k数据平均loss 3.118088126165696
成功更新模型参数
本epoch所花时间 34s，本epoch每句平均loss 3.031577018212279
epoch 85/100
当前进度 1k/2001, 处理1k数据所花时间 17s
1k数据平均loss 2.961614853033964
成功更新模型参数
当前进度 2k/2001, 处理1k数据所花时间 16s
1k数据平均loss 3.117532610869933
成功更新模型参数
本epoch所花时间 34s，本epoch每句平均loss 3.0393877095716197
epoch 86/100
当前进度 1k/2001, 处理1k数据所花时间 18s
1k数据平均loss 2.9918133293443216
成功更新模型参数
当前进度 2k/2001, 处理1k数据所花时间 16s
1k数据平均loss 3.1513686485211836
成功更新模型参数
本epoch所花时间 35s，本epoch每句平均loss 3.0716733294912126
epoch 87/100
当前进度 1k/2001, 处理1k数据所花时间 17s
1k数据平均loss 2.955559319661382
成功更新模型参数
当前进度 2k/2001, 处理1k数据所花时间 16s
1k数据平均loss 3.0549137880851913
成功更新模型参数
本epoch所花时间 34s，本epoch每句平均loss 3.004836904128498
epoch 88/100
当前进度 1k/2001, 处理1k数据所花时间 17s
1k数据平均loss 2.9543959299687086
成功更新模型参数
当前进度 2k/2001, 处理1k数据所花时间 16s
1k数据平均loss 3.079981326230726
成功更新模型参数
本epoch所花时间 35s，本epoch每句平均loss 3.017291236982569
epoch 89/100
当前进度 1k/2001, 处理1k数据所花时间 18s
1k数据平均loss 2.9775587369319845
成功更新模型参数
当前进度 2k/2001, 处理1k数据所花时间 16s
1k数据平均loss 2.9910195655062646
成功更新模型参数
本epoch所花时间 35s，本epoch每句平均loss 2.984340029776776
epoch 90/100
当前进度 1k/2001, 处理1k数据所花时间 17s
1k数据平均loss 2.930669572845841
成功更新模型参数
当前进度 2k/2001, 处理1k数据所花时间 16s
1k数据平均loss 3.0191428669289717
成功更新模型参数
本epoch所花时间 34s，本epoch每句平均loss 2.9748270001663144
epoch 91/100
当前进度 1k/2001, 处理1k数据所花时间 18s
1k数据平均loss 2.9310912606492785
成功更新模型参数
当前进度 2k/2001, 处理1k数据所花时间 17s
1k数据平均loss 3.04414664198189
成功更新模型参数
本epoch所花时间 35s，本epoch每句平均loss 2.987938949545584
epoch 92/100
当前进度 1k/2001, 处理1k数据所花时间 17s
1k数据平均loss 2.9151383383597858
成功更新模型参数
当前进度 2k/2001, 处理1k数据所花时间 16s
1k数据平均loss 3.0132723830171506
成功更新模型参数
本epoch所花时间 35s，本epoch每句平均loss 2.964250467624761
epoch 93/100
当前进度 1k/2001, 处理1k数据所花时间 18s
1k数据平均loss 2.8615903376982392
成功更新模型参数
当前进度 2k/2001, 处理1k数据所花时间 17s
1k数据平均loss 3.022011794037398
成功更新模型参数
本epoch所花时间 36s，本epoch每句平均loss 2.941594067738368
epoch 94/100
当前进度 1k/2001, 处理1k数据所花时间 17s
1k数据平均loss 2.8369482689246732
成功更新模型参数
当前进度 2k/2001, 处理1k数据所花时间 15s
1k数据平均loss 2.975637609135065
成功更新模型参数
本epoch所花时间 33s，本epoch每句平均loss 2.9062991338499984
epoch 95/100
当前进度 1k/2001, 处理1k数据所花时间 16s
1k数据平均loss 2.836793499735341
成功更新模型参数
当前进度 2k/2001, 处理1k数据所花时间 15s
1k数据平均loss 2.9932952285299703
成功更新模型参数
本epoch所花时间 32s，本epoch每句平均loss 2.915065141002767
epoch 96/100
当前进度 1k/2001, 处理1k数据所花时间 16s
1k数据平均loss 2.8150706421043483
成功更新模型参数
当前进度 2k/2001, 处理1k数据所花时间 16s
1k数据平均loss 3.0445404489531405
成功更新模型参数
本epoch所花时间 33s，本epoch每句平均loss 2.9298028478935554
epoch 97/100
当前进度 1k/2001, 处理1k数据所花时间 17s
1k数据平均loss 2.8427871807738154
成功更新模型参数
当前进度 2k/2001, 处理1k数据所花时间 15s
1k数据平均loss 3.0173421025099953
成功更新模型参数
本epoch所花时间 33s，本epoch每句平均loss 2.9300366773651128
epoch 98/100
当前进度 1k/2001, 处理1k数据所花时间 17s
1k数据平均loss 2.8699532195648993
成功更新模型参数
当前进度 2k/2001, 处理1k数据所花时间 16s
1k数据平均loss 2.9463675549361583
成功更新模型参数
本epoch所花时间 34s，本epoch每句平均loss 2.907728661134073
epoch 99/100
当前进度 1k/2001, 处理1k数据所花时间 17s
1k数据平均loss 2.835779593497641
成功更新模型参数
当前进度 2k/2001, 处理1k数据所花时间 17s
1k数据平均loss 3.0102439259587186
成功更新模型参数
本epoch所花时间 35s，本epoch每句平均loss 2.923137278529406
成功更新模型参数

Process finished with exit code 0
